{2012/04/07 16:31:16} [Info] PagSeguroTransactionSearchService.SearchByDate(initialDate=2011-12-10T00:00:00Z, finalDate=2012-04-07T00:00:00Z) - begin 
{2012/04/07 16:31:17} [Error] PagSeguroTransactionSearchService.SearchByDate(initialDate=2011-12-10T00:00:00Z, finalDate=2012-04-07T00:00:00Z) - end [HTTP 400] - BAD_REQUEST [11048] - search interval must be lower than or equal 30 days. 
{2012/04/07 16:31:40} [Info] PagSeguroTransactionSearchService.SearchByDate(initialDate=2011-12-10T00:00:00Z, finalDate=2012-04-07T00:00:00Z) - begin 
{2012/04/07 16:31:40} [Error] PagSeguroTransactionSearchService.SearchByDate(initialDate=2011-12-10T00:00:00Z, finalDate=2012-04-07T00:00:00Z) - end [HTTP 400] - BAD_REQUEST [11048] - search interval must be lower than or equal 30 days. 
{2012/04/07 16:31:49} [Info] PagSeguroTransactionSearchService.SearchByDate(initialDate=2011-12-10T00:00:00Z, finalDate=2012-04-07T00:00:00Z) - begin 
{2012/04/07 16:31:50} [Error] PagSeguroTransactionSearchService.SearchByDate(initialDate=2011-12-10T00:00:00Z, finalDate=2012-04-07T00:00:00Z) - end [HTTP 400] - BAD_REQUEST [11048] - search interval must be lower than or equal 30 days. 
{2012/04/07 16:35:33} [Info] PagSeguroTransactionSearchService.SearchByDate(initialDate=2011-12-10T00:00:00Z, finalDate=2012-04-07T00:00:00Z) - begin 
{2012/04/07 16:35:33} [Error] PagSeguroTransactionSearchService.SearchByDate(initialDate=2011-12-10T00:00:00Z, finalDate=2012-04-07T00:00:00Z) - end [HTTP 400] - BAD_REQUEST [11048] - search interval must be lower than or equal 30 days. 
{2012/04/07 16:36:15} [Info] PagSeguroTransactionSearchService.SearchByDate(initialDate=2011-12-10T00:00:00Z, finalDate=2012-04-07T00:00:00Z) - begin 
{2012/04/07 16:36:15} [Error] PagSeguroTransactionSearchService.SearchByDate(initialDate=2011-12-10T00:00:00Z, finalDate=2012-04-07T00:00:00Z) - end [HTTP 400] - BAD_REQUEST [11048] - search interval must be lower than or equal 30 days. 
{2012/04/07 16:36:24} [Info] PagSeguroTransactionSearchService.SearchByDate(initialDate=2011-12-10T00:00:00Z, finalDate=2012-04-07T00:00:00Z) - begin 
{2012/04/07 16:36:25} [Error] PagSeguroTransactionSearchService.SearchByDate(initialDate=2011-12-10T00:00:00Z, finalDate=2012-04-07T00:00:00Z) - end [HTTP 400] - BAD_REQUEST [11048] - search interval must be lower than or equal 30 days. 
{2012/04/07 16:36:59} [Info] PagSeguroTransactionSearchService.SearchByDate(initialDate=2011-12-10T00:00:00Z, finalDate=2012-04-07T00:00:00Z) - begin 
{2012/04/07 16:36:59} [Error] PagSeguroTransactionSearchService.SearchByDate(initialDate=2011-12-10T00:00:00Z, finalDate=2012-04-07T00:00:00Z) - end [HTTP 400] - BAD_REQUEST [11048] - search interval must be lower than or equal 30 days. 
{2012/04/07 17:05:08} [Info] PagSeguroTransactionSearchService.SearchByDate(initialDate=2011-12-10T00:00:00Z, finalDate=2012-04-07T00:00:00Z) - begin 
{2012/04/07 17:05:09} [Error] PagSeguroTransactionSearchService.SearchByDate(initialDate=2011-12-10T00:00:00Z, finalDate=2012-04-07T00:00:00Z) - end [HTTP 400] - BAD_REQUEST [11048] - search interval must be lower than or equal 30 days. 
{2012/04/07 17:06:04} [Info] PagSeguroTransactionSearchService.SearchByDate(initialDate=2011-12-10T00:00:00Z, finalDate=2012-04-07T00:00:00Z) - begin 
{2012/04/07 17:06:05} [Error] PagSeguroTransactionSearchService.SearchByDate(initialDate=2011-12-10T00:00:00Z, finalDate=2012-04-07T00:00:00Z) - end [HTTP 400] - BAD_REQUEST [11048] - search interval must be lower than or equal 30 days. 
{2012/04/07 17:06:36} [Info] PagSeguroTransactionSearchService.SearchByDate(initialDate=2011-12-10T00:00:00Z, finalDate=2012-04-07T00:00:00Z) - begin 
{2012/04/07 17:06:36} [Error] PagSeguroTransactionSearchService.SearchByDate(initialDate=2011-12-10T00:00:00Z, finalDate=2012-04-07T00:00:00Z) - end [HTTP 400] - BAD_REQUEST [11048] - search interval must be lower than or equal 30 days. 
{2012/04/07 17:07:06} [Info] PagSeguroTransactionSearchService.SearchByDate(initialDate=2011-12-10T00:00:00Z, finalDate=2012-04-07T00:00:00Z) - begin 
{2012/04/07 17:07:06} [Error] PagSeguroTransactionSearchService.SearchByDate(initialDate=2011-12-10T00:00:00Z, finalDate=2012-04-07T00:00:00Z) - end [HTTP 400] - BAD_REQUEST [11048] - search interval must be lower than or equal 30 days. 
{2012/04/07 17:09:38} [Info] PagSeguroTransactionSearchService.SearchByDate(initialDate=2011-12-10T00:00:00Z, finalDate=2012-04-07T00:00:00Z) - begin 
{2012/04/07 17:09:38} [Error] PagSeguroTransactionSearchService.SearchByDate(initialDate=2011-12-10T00:00:00Z, finalDate=2012-04-07T00:00:00Z) - end [HTTP 400] - BAD_REQUEST [11048] - search interval must be lower than or equal 30 days. 
{2012/04/07 17:10:07} [Info] PagSeguroTransactionSearchService.SearchByDate(initialDate=2011-12-10T00:00:00Z, finalDate=2012-04-07T00:00:00Z) - begin 
{2012/04/07 17:10:07} [Error] PagSeguroTransactionSearchService.SearchByDate(initialDate=2011-12-10T00:00:00Z, finalDate=2012-04-07T00:00:00Z) - end [HTTP 400] - BAD_REQUEST [11048] - search interval must be lower than or equal 30 days. 
{2012/04/07 17:10:13} [Info] PagSeguroTransactionSearchService.SearchByDate(initialDate=2011-12-10T00:00:00Z, finalDate=2012-04-07T00:00:00Z) - begin 
{2012/04/07 17:10:13} [Error] PagSeguroTransactionSearchService.SearchByDate(initialDate=2011-12-10T00:00:00Z, finalDate=2012-04-07T00:00:00Z) - end [HTTP 400] - BAD_REQUEST [11048] - search interval must be lower than or equal 30 days. 
{2012/04/07 17:10:43} [Info] PagSeguroTransactionSearchService.SearchByDate(initialDate=2011-12-10T00:00:00Z, finalDate=2012-04-07T00:00:00Z) - begin 
{2012/04/07 17:10:44} [Error] PagSeguroTransactionSearchService.SearchByDate(initialDate=2011-12-10T00:00:00Z, finalDate=2012-04-07T00:00:00Z) - end [HTTP 400] - BAD_REQUEST [11048] - search interval must be lower than or equal 30 days. 
{2012/04/07 17:10:52} [Info] PagSeguroTransactionSearchService.SearchByDate(initialDate=2011-12-10T00:00:00Z, finalDate=2012-04-07T00:00:00Z) - begin 
{2012/04/07 17:10:52} [Error] PagSeguroTransactionSearchService.SearchByDate(initialDate=2011-12-10T00:00:00Z, finalDate=2012-04-07T00:00:00Z) - end [HTTP 400] - BAD_REQUEST [11048] - search interval must be lower than or equal 30 days. 
{2012/04/07 17:11:16} [Info] PagSeguroTransactionSearchService.SearchByDate(initialDate=2011-12-10T00:00:00Z, finalDate=2012-04-07T00:00:00Z) - begin 
{2012/04/07 17:11:16} [Error] PagSeguroTransactionSearchService.SearchByDate(initialDate=2011-12-10T00:00:00Z, finalDate=2012-04-07T00:00:00Z) - end [HTTP 400] - BAD_REQUEST [11048] - search interval must be lower than or equal 30 days. 
{2012/04/07 17:11:24} [Info] PagSeguroTransactionSearchService.SearchByDate(initialDate=2011-12-10T00:00:00Z, finalDate=2012-04-07T00:00:00Z) - begin 
{2012/04/07 17:11:25} [Error] PagSeguroTransactionSearchService.SearchByDate(initialDate=2011-12-10T00:00:00Z, finalDate=2012-04-07T00:00:00Z) - end [HTTP 400] - BAD_REQUEST [11048] - search interval must be lower than or equal 30 days. 
{2012/04/07 17:12:30} [Info] PagSeguroTransactionSearchService.SearchByDate(initialDate=2011-12-10T00:00:00Z, finalDate=2012-04-07T00:00:00Z) - begin 
{2012/04/07 17:12:31} [Error] PagSeguroTransactionSearchService.SearchByDate(initialDate=2011-12-10T00:00:00Z, finalDate=2012-04-07T00:00:00Z) - end [HTTP 400] - BAD_REQUEST [11048] - search interval must be lower than or equal 30 days. 
{2012/04/07 17:13:17} [Info] PagSeguroTransactionSearchService.SearchByDate(initialDate=2011-12-10T00:00:00Z, finalDate=2012-04-07T00:00:00Z) - begin 
{2012/04/07 17:13:18} [Error] PagSeguroTransactionSearchService.SearchByDate(initialDate=2011-12-10T00:00:00Z, finalDate=2012-04-07T00:00:00Z) - end [HTTP 400] - BAD_REQUEST [11048] - search interval must be lower than or equal 30 days. 
{2012/04/07 17:14:34} [Info] PagSeguroTransactionSearchService.SearchByDate(initialDate=2011-12-10T00:00:00Z, finalDate=2012-04-07T00:00:00Z) - begin 
{2012/04/07 17:14:35} [Error] PagSeguroTransactionSearchService.SearchByDate(initialDate=2011-12-10T00:00:00Z, finalDate=2012-04-07T00:00:00Z) - end [HTTP 400] - BAD_REQUEST [11048] - search interval must be lower than or equal 30 days. 
{2012/04/07 17:15:00} [Info] PagSeguroTransactionSearchService.SearchByDate(initialDate=2011-12-10T00:00:00Z, finalDate=2012-04-07T00:00:00Z) - begin 
{2012/04/07 17:15:01} [Error] PagSeguroTransactionSearchService.SearchByDate(initialDate=2011-12-10T00:00:00Z, finalDate=2012-04-07T00:00:00Z) - end [HTTP 400] - BAD_REQUEST [11048] - search interval must be lower than or equal 30 days. 
{2012/04/07 17:15:28} [Info] PagSeguroTransactionSearchService.SearchByDate(initialDate=2011-12-10T00:00:00Z, finalDate=2012-04-07T00:00:00Z) - begin 
{2012/04/07 17:15:28} [Error] PagSeguroTransactionSearchService.SearchByDate(initialDate=2011-12-10T00:00:00Z, finalDate=2012-04-07T00:00:00Z) - end [HTTP 400] - BAD_REQUEST [11048] - search interval must be lower than or equal 30 days. 
{2012/04/07 17:15:41} [Info] PagSeguroTransactionSearchService.SearchByDate(initialDate=2011-12-10T00:00:00Z, finalDate=2012-04-07T00:00:00Z) - begin 
{2012/04/07 17:15:41} [Error] PagSeguroTransactionSearchService.SearchByDate(initialDate=2011-12-10T00:00:00Z, finalDate=2012-04-07T00:00:00Z) - end [HTTP 400] - BAD_REQUEST [11048] - search interval must be lower than or equal 30 days. 
{2012/04/07 17:16:49} [Info] PagSeguroTransactionSearchService.SearchByDate(initialDate=2011-12-10T00:00:00Z, finalDate=2012-04-07T00:00:00Z) - begin 
{2012/04/07 17:16:50} [Error] PagSeguroTransactionSearchService.SearchByDate(initialDate=2011-12-10T00:00:00Z, finalDate=2012-04-07T00:00:00Z) - end [HTTP 400] - BAD_REQUEST [11048] - search interval must be lower than or equal 30 days. 
{2012/04/07 17:18:17} [Info] PagSeguroTransactionSearchService.SearchByDate(initialDate=2011-12-10T00:00:00Z, finalDate=2012-04-07T00:00:00Z) - begin 
{2012/04/07 17:18:17} [Error] PagSeguroTransactionSearchService.SearchByDate(initialDate=2011-12-10T00:00:00Z, finalDate=2012-04-07T00:00:00Z) - end [HTTP 400] - BAD_REQUEST [11048] - search interval must be lower than or equal 30 days. 
{2012/04/07 17:18:23} [Info] PagSeguroTransactionSearchService.SearchByDate(initialDate=2011-12-10T00:00:00Z, finalDate=2012-04-07T00:00:00Z) - begin 
{2012/04/07 17:18:24} [Error] PagSeguroTransactionSearchService.SearchByDate(initialDate=2011-12-10T00:00:00Z, finalDate=2012-04-07T00:00:00Z) - end [HTTP 400] - BAD_REQUEST [11048] - search interval must be lower than or equal 30 days. 
{2012/04/07 17:18:40} [Info] PagSeguroTransactionSearchService.SearchByDate(initialDate=2011-12-10T00:00:00Z, finalDate=2012-04-07T00:00:00Z) - begin 
{2012/04/07 17:18:40} [Error] PagSeguroTransactionSearchService.SearchByDate(initialDate=2011-12-10T00:00:00Z, finalDate=2012-04-07T00:00:00Z) - end [HTTP 400] - BAD_REQUEST [11048] - search interval must be lower than or equal 30 days. 
{2012/04/07 17:18:52} [Info] PagSeguroTransactionSearchService.SearchByDate(initialDate=2011-12-10T00:00:00Z, finalDate=2012-04-07T00:00:00Z) - begin 
{2012/04/07 17:18:52} [Error] PagSeguroTransactionSearchService.SearchByDate(initialDate=2011-12-10T00:00:00Z, finalDate=2012-04-07T00:00:00Z) - end [HTTP 400] - BAD_REQUEST [11048] - search interval must be lower than or equal 30 days. 
{2012/04/07 17:20:03} [Info] PagSeguroTransactionSearchService.SearchByDate(initialDate=2011-12-10T00:00:00Z, finalDate=2012-04-07T00:00:00Z) - begin 
{2012/04/07 17:20:04} [Error] PagSeguroTransactionSearchService.SearchByDate(initialDate=2011-12-10T00:00:00Z, finalDate=2012-04-07T00:00:00Z) - end [HTTP 400] - BAD_REQUEST [11048] - search interval must be lower than or equal 30 days. 
{2012/04/07 17:20:24} [Info] PagSeguroTransactionSearchService.SearchByDate(initialDate=2011-12-10T00:00:00Z, finalDate=2012-04-07T00:00:00Z) - begin 
{2012/04/07 17:20:24} [Error] PagSeguroTransactionSearchService.SearchByDate(initialDate=2011-12-10T00:00:00Z, finalDate=2012-04-07T00:00:00Z) - end [HTTP 400] - BAD_REQUEST [11048] - search interval must be lower than or equal 30 days. 
{2012/04/07 17:20:56} [Info] PagSeguroTransactionSearchService.SearchByDate(initialDate=2011-12-10T00:00:00Z, finalDate=2012-04-07T00:00:00Z) - begin 
{2012/04/07 17:20:57} [Error] PagSeguroTransactionSearchService.SearchByDate(initialDate=2011-12-10T00:00:00Z, finalDate=2012-04-07T00:00:00Z) - end [HTTP 400] - BAD_REQUEST [11048] - search interval must be lower than or equal 30 days. 
{2012/04/07 17:21:13} [Info] PagSeguroTransactionSearchService.SearchByDate(initialDate=2011-12-10T00:00:00Z, finalDate=2012-04-07T00:00:00Z) - begin 
{2012/04/07 17:21:13} [Error] PagSeguroTransactionSearchService.SearchByDate(initialDate=2011-12-10T00:00:00Z, finalDate=2012-04-07T00:00:00Z) - end [HTTP 400] - BAD_REQUEST [11048] - search interval must be lower than or equal 30 days. 
{2012/04/07 17:21:27} [Info] PagSeguroTransactionSearchService.SearchByDate(initialDate=2011-12-10T00:00:00Z, finalDate=2012-04-07T00:00:00Z) - begin 
{2012/04/07 17:21:28} [Error] PagSeguroTransactionSearchService.SearchByDate(initialDate=2011-12-10T00:00:00Z, finalDate=2012-04-07T00:00:00Z) - end [HTTP 400] - BAD_REQUEST [11048] - search interval must be lower than or equal 30 days. 
{2012/04/07 17:21:37} [Info] PagSeguroTransactionSearchService.SearchByDate(initialDate=2011-12-10T00:00:00Z, finalDate=2012-04-07T00:00:00Z) - begin 
{2012/04/07 17:21:37} [Error] PagSeguroTransactionSearchService.SearchByDate(initialDate=2011-12-10T00:00:00Z, finalDate=2012-04-07T00:00:00Z) - end [HTTP 400] - BAD_REQUEST [11048] - search interval must be lower than or equal 30 days. 
{2012/04/07 17:22:10} [Info] PagSeguroTransactionSearchService.SearchByDate(initialDate=2011-12-10T00:00:00Z, finalDate=2012-04-07T00:00:00Z) - begin 
{2012/04/07 17:22:11} [Error] PagSeguroTransactionSearchService.SearchByDate(initialDate=2011-12-10T00:00:00Z, finalDate=2012-04-07T00:00:00Z) - end [HTTP 400] - BAD_REQUEST [11048] - search interval must be lower than or equal 30 days. 
{2012/04/07 17:22:16} [Info] PagSeguroTransactionSearchService.SearchByDate(initialDate=2011-12-10T00:00:00Z, finalDate=2012-04-07T00:00:00Z) - begin 
{2012/04/07 17:22:20} [Error] PagSeguroTransactionSearchService.SearchByDate(initialDate=2011-12-10T00:00:00Z, finalDate=2012-04-07T00:00:00Z) - end [HTTP 400] - BAD_REQUEST [11048] - search interval must be lower than or equal 30 days. 
{2012/04/07 17:22:41} [Info] PagSeguroTransactionSearchService.SearchByDate(initialDate=2011-12-10T00:00:00Z, finalDate=2012-04-07T00:00:00Z) - begin 
{2012/04/07 17:22:42} [Error] PagSeguroTransactionSearchService.SearchByDate(initialDate=2011-12-10T00:00:00Z, finalDate=2012-04-07T00:00:00Z) - end [HTTP 400] - BAD_REQUEST [11048] - search interval must be lower than or equal 30 days. 
{2012/04/07 17:26:36} [Info] PagSeguroTransactionSearchService.SearchByDate(initialDate=2011-12-10T00:00:00Z, finalDate=2012-04-07T00:00:00Z) - begin 
{2012/04/07 17:26:36} [Error] PagSeguroTransactionSearchService.SearchByDate(initialDate=2011-12-10T00:00:00Z, finalDate=2012-04-07T00:00:00Z) - end [HTTP 400] - BAD_REQUEST [11048] - search interval must be lower than or equal 30 days. 
{2012/04/07 17:26:48} [Info] PagSeguroTransactionSearchService.SearchByDate(initialDate=2011-12-10T00:00:00Z, finalDate=2012-04-07T00:00:00Z) - begin 
{2012/04/07 17:26:49} [Error] PagSeguroTransactionSearchService.SearchByDate(initialDate=2011-12-10T00:00:00Z, finalDate=2012-04-07T00:00:00Z) - end [HTTP 400] - BAD_REQUEST [11048] - search interval must be lower than or equal 30 days. 
{2012/04/07 17:27:29} [Info] PagSeguroTransactionSearchService.SearchByDate(initialDate=2011-12-10T00:00:00Z, finalDate=2012-04-07T00:00:00Z) - begin 
{2012/04/07 17:27:30} [Error] PagSeguroTransactionSearchService.SearchByDate(initialDate=2011-12-10T00:00:00Z, finalDate=2012-04-07T00:00:00Z) - end [HTTP 400] - BAD_REQUEST [11048] - search interval must be lower than or equal 30 days. 
{2012/04/07 17:30:48} [Info] PagSeguroTransactionSearchService.SearchByDate(initialDate=2011-12-10T00:00:00Z, finalDate=2012-04-07T00:00:00Z) - begin 
{2012/04/07 17:30:48} [Error] PagSeguroTransactionSearchService.SearchByDate(initialDate=2011-12-10T00:00:00Z, finalDate=2012-04-07T00:00:00Z) - end [HTTP 400] - BAD_REQUEST [11048] - search interval must be lower than or equal 30 days. 
{2012/04/07 17:33:45} [Info] PagSeguroTransactionSearchService.SearchByDate(initialDate=2011-12-10T00:00:00Z, finalDate=2012-04-07T00:00:00Z) - begin 
{2012/04/07 17:33:47} [Error] PagSeguroTransactionSearchService.SearchByDate(initialDate=2011-12-10T00:00:00Z, finalDate=2012-04-07T00:00:00Z) - end [HTTP 400] - BAD_REQUEST [11048] - search interval must be lower than or equal 30 days. 
{2012/04/07 17:34:58} [Info] PagSeguroTransactionSearchService.SearchByDate(initialDate=2011-12-10T00:00:00Z, finalDate=2012-04-07T00:00:00Z) - begin 
{2012/04/07 17:34:59} [Error] PagSeguroTransactionSearchService.SearchByDate(initialDate=2011-12-10T00:00:00Z, finalDate=2012-04-07T00:00:00Z) - end [HTTP 400] - BAD_REQUEST [11048] - search interval must be lower than or equal 30 days. 
{2012/04/07 17:35:22} [Info] PagSeguroTransactionSearchService.SearchByDate(initialDate=2011-12-10T00:00:00Z, finalDate=2012-04-07T00:00:00Z) - begin 
{2012/04/07 17:35:23} [Error] PagSeguroTransactionSearchService.SearchByDate(initialDate=2011-12-10T00:00:00Z, finalDate=2012-04-07T00:00:00Z) - end [HTTP 400] - BAD_REQUEST [11048] - search interval must be lower than or equal 30 days. 
{2012/04/07 17:39:50} [Info] PagSeguroTransactionSearchService.SearchByDate(initialDate=2011-12-10T00:00:00Z, finalDate=2012-04-07T00:00:00Z) - begin 
{2012/04/07 17:39:51} [Error] PagSeguroTransactionSearchService.SearchByDate(initialDate=2011-12-10T00:00:00Z, finalDate=2012-04-07T00:00:00Z) - end [HTTP 400] - BAD_REQUEST [11048] - search interval must be lower than or equal 30 days. 
{2012/04/07 17:48:50} [Info] PagSeguroTransactionSearchService.SearchByDate(initialDate=2011-12-10T00:00:00Z, finalDate=2012-04-07T00:00:00Z) - begin 
{2012/04/07 17:48:51} [Error] PagSeguroTransactionSearchService.SearchByDate(initialDate=2011-12-10T00:00:00Z, finalDate=2012-04-07T00:00:00Z) - end [HTTP 400] - BAD_REQUEST [11048] - search interval must be lower than or equal 30 days. 
{2012/04/07 17:49:42} [Info] PagSeguroTransactionSearchService.SearchByDate(initialDate=2011-12-10T00:00:00Z, finalDate=2012-04-07T00:00:00Z) - begin 
{2012/04/07 17:49:42} [Error] PagSeguroTransactionSearchService.SearchByDate(initialDate=2011-12-10T00:00:00Z, finalDate=2012-04-07T00:00:00Z) - end [HTTP 400] - BAD_REQUEST [11048] - search interval must be lower than or equal 30 days. 
{2012/04/07 17:49:47} [Info] PagSeguroTransactionSearchService.SearchByDate(initialDate=2011-12-10T00:00:00Z, finalDate=2012-04-07T00:00:00Z) - begin 
{2012/04/07 17:49:47} [Error] PagSeguroTransactionSearchService.SearchByDate(initialDate=2011-12-10T00:00:00Z, finalDate=2012-04-07T00:00:00Z) - end [HTTP 400] - BAD_REQUEST [11048] - search interval must be lower than or equal 30 days. 
{2012/04/07 17:50:18} [Info] PagSeguroTransactionSearchService.SearchByDate(initialDate=2011-12-10T00:00:00Z, finalDate=2012-04-07T00:00:00Z) - begin 
{2012/04/07 17:50:18} [Error] PagSeguroTransactionSearchService.SearchByDate(initialDate=2011-12-10T00:00:00Z, finalDate=2012-04-07T00:00:00Z) - end [HTTP 400] - BAD_REQUEST [11048] - search interval must be lower than or equal 30 days. 
{2012/04/07 17:53:01} [Info] PagSeguroTransactionSearchService.SearchByDate(initialDate=2011-12-10T00:00:00Z, finalDate=2012-04-07T00:00:00Z) - begin 
{2012/04/07 17:53:01} [Error] PagSeguroTransactionSearchService.SearchByDate(initialDate=2011-12-10T00:00:00Z, finalDate=2012-04-07T00:00:00Z) - end [HTTP 400] - BAD_REQUEST [11048] - search interval must be lower than or equal 30 days. 
{2012/04/07 17:54:19} [Info] PagSeguroTransactionSearchService.SearchByDate(initialDate=T00:00:00Z, finalDate=T00:00:00Z) - begin 
{2012/04/07 17:54:19} [Error] PagSeguroTransactionSearchService.SearchByDate(initialDate=T00:00:00Z, finalDate=T00:00:00Z) - end [HTTP 400] - BAD_REQUEST [13010] - initialDate invalid format, use 'yyyy-MM-ddTHH:mm' (eg. 2010-01-27T17:25).[13011] - finalDate invalid format, use 'yyyy-MM-ddTHH:mm' (eg. 2010-01-27T17:25). 
{2012/04/07 17:56:43} [Info] PagSeguroTransactionSearchService.SearchByDate(initialDate=2011-12-10T00:00:00Z, finalDate=2012-04-07T00:00:00Z) - begin 
{2012/04/07 17:56:44} [Error] PagSeguroTransactionSearchService.SearchByDate(initialDate=2011-12-10T00:00:00Z, finalDate=2012-04-07T00:00:00Z) - end [HTTP 400] - BAD_REQUEST [11048] - search interval must be lower than or equal 30 days. 
{2012/04/07 17:57:11} [Info] PagSeguroTransactionSearchService.SearchByDate(initialDate=2011-12-10T00:00:00Z, finalDate=2012-04-07T00:00:00Z) - begin 
{2012/04/07 17:57:11} [Error] PagSeguroTransactionSearchService.SearchByDate(initialDate=2011-12-10T00:00:00Z, finalDate=2012-04-07T00:00:00Z) - end [HTTP 400] - BAD_REQUEST [11048] - search interval must be lower than or equal 30 days. 
{2012/04/07 17:59:10} [Info] PagSeguroTransactionSearchService.SearchByDate(initialDate=2011-12-10T00:00:00Z, finalDate=2012-04-07T00:00:00Z) - begin 
{2012/04/07 17:59:10} [Error] PagSeguroTransactionSearchService.SearchByDate(initialDate=2011-12-10T00:00:00Z, finalDate=2012-04-07T00:00:00Z) - end [HTTP 400] - BAD_REQUEST [11048] - search interval must be lower than or equal 30 days. 
{2012/04/07 17:59:16} [Info] PagSeguroTransactionSearchService.SearchByDate(initialDate=2011-12-10T00:00:00Z, finalDate=2012-04-07T00:00:00Z) - begin 
{2012/04/07 17:59:17} [Error] PagSeguroTransactionSearchService.SearchByDate(initialDate=2011-12-10T00:00:00Z, finalDate=2012-04-07T00:00:00Z) - end [HTTP 400] - BAD_REQUEST [11048] - search interval must be lower than or equal 30 days. 
{2012/04/07 18:02:11} [Info] PagSeguroTransactionSearchService.SearchByDate(initialDate=2011-12-10T00:00:00Z, finalDate=2012-04-07T00:00:00Z) - begin 
{2012/04/07 18:02:11} [Error] PagSeguroTransactionSearchService.SearchByDate(initialDate=2011-12-10T00:00:00Z, finalDate=2012-04-07T00:00:00Z) - end [HTTP 400] - BAD_REQUEST [11048] - search interval must be lower than or equal 30 days. 
{2012/04/07 18:03:06} [Info] PagSeguroTransactionSearchService.SearchByDate(initialDate=2011-12-10T00:00:00Z, finalDate=2012-04-07T00:00:00Z) - begin 
{2012/04/07 18:03:07} [Error] PagSeguroTransactionSearchService.SearchByDate(initialDate=2011-12-10T00:00:00Z, finalDate=2012-04-07T00:00:00Z) - end [HTTP 400] - BAD_REQUEST [11048] - search interval must be lower than or equal 30 days. 
{2012/04/07 18:03:14} [Info] PagSeguroTransactionSearchService.SearchByDate(initialDate=2012-03-08T00:00:00Z, finalDate=2012-04-07T00:00:00Z) - begin 
{2012/04/07 18:03:15} [Info] PagSeguroTransactionSearchService.SearchByDate(initialDate=2012-03-08T00:00:00Z, finalDate=2012-04-07T00:00:00Z) - end PagSeguroTransactionSearchResult(Date=2012-04-07T13:03:15.000-03:00, CurrentPage=1, TotalPages=1, Transactions in this page=2) 
{2012/04/07 18:03:22} [Info] PagSeguroTransactionSearchService.SearchByDate(initialDate=2012-02-07T00:00:00Z, finalDate=2012-04-07T00:00:00Z) - begin 
{2012/04/07 18:03:23} [Error] PagSeguroTransactionSearchService.SearchByDate(initialDate=2012-02-07T00:00:00Z, finalDate=2012-04-07T00:00:00Z) - end [HTTP 400] - BAD_REQUEST [11048] - search interval must be lower than or equal 30 days. 
{2012/04/07 18:03:41} [Info] PagSeguroTransactionSearchService.SearchByDate(initialDate=2011-12-10T00:00:00Z, finalDate=2012-04-07T00:00:00Z) - begin 
{2012/04/07 18:03:42} [Error] PagSeguroTransactionSearchService.SearchByDate(initialDate=2011-12-10T00:00:00Z, finalDate=2012-04-07T00:00:00Z) - end [HTTP 400] - BAD_REQUEST [11048] - search interval must be lower than or equal 30 days. 
{2012/04/07 18:03:45} [Info] PagSeguroTransactionSearchService.SearchByDate(initialDate=2011-12-10T00:00:00Z, finalDate=2012-04-07T00:00:00Z) - begin 
{2012/04/07 18:03:45} [Error] PagSeguroTransactionSearchService.SearchByDate(initialDate=2011-12-10T00:00:00Z, finalDate=2012-04-07T00:00:00Z) - end [HTTP 400] - BAD_REQUEST [11048] - search interval must be lower than or equal 30 days. 
{2012/04/07 18:06:44} [Info] PagSeguroTransactionSearchService.SearchByDate(initialDate=2011-12-10T00:00:00Z, finalDate=2012-04-07T00:00:00Z) - begin 
{2012/04/07 18:06:44} [Error] PagSeguroTransactionSearchService.SearchByDate(initialDate=2011-12-10T00:00:00Z, finalDate=2012-04-07T00:00:00Z) - end [HTTP 400] - BAD_REQUEST [11048] - search interval must be lower than or equal 30 days. 
{2012/04/08 20:55:03} [Info] PagSeguroTransactionSearchService.SearchByDate(initialDate=2011-12-10T00:00:00Z, finalDate=2012-04-07T00:00:00Z) - begin 
{2012/04/08 20:55:04} [Error] PagSeguroTransactionSearchService.SearchByDate(initialDate=2011-12-10T00:00:00Z, finalDate=2012-04-07T00:00:00Z) - end [HTTP 400] - BAD_REQUEST [11048] - search interval must be lower than or equal 30 days. 
{2012/04/08 20:55:13} [Info] PagSeguroTransactionSearchService.SearchByDate(initialDate=2012-02-07T00:00:00Z, finalDate=2012-04-07T00:00:00Z) - begin 
{2012/04/08 20:55:14} [Error] PagSeguroTransactionSearchService.SearchByDate(initialDate=2012-02-07T00:00:00Z, finalDate=2012-04-07T00:00:00Z) - end [HTTP 400] - BAD_REQUEST [11048] - search interval must be lower than or equal 30 days. 
{2012/04/08 20:55:17} [Info] PagSeguroTransactionSearchService.SearchByDate(initialDate=2012-03-08T00:00:00Z, finalDate=2012-04-07T00:00:00Z) - begin 
{2012/04/08 20:55:18} [Info] PagSeguroTransactionSearchService.SearchByDate(initialDate=2012-03-08T00:00:00Z, finalDate=2012-04-07T00:00:00Z) - end PagSeguroTransactionSearchResult(Date=2012-04-08T21:55:18.000-03:00, CurrentPage=1, TotalPages=1, Transactions in this page=2) 
{2012/04/08 20:57:55} [Info] PagSeguroTransactionSearchService.SearchByDate(initialDate=2012-03-08T00:00:00Z, finalDate=2012-04-07T00:00:00Z) - begin 
{2012/04/08 20:57:55} [Info] PagSeguroTransactionSearchService.SearchByDate(initialDate=2012-03-08T00:00:00Z, finalDate=2012-04-07T00:00:00Z) - end PagSeguroTransactionSearchResult(Date=2012-04-08T21:57:55.000-03:00, CurrentPage=1, TotalPages=1, Transactions in this page=2) 
{2012/04/14 15:55:07} [Info] PagSeguroTransactionSearchService.SearchByDate(initialDate=2012-03-31T00:00:00Z, finalDate=2012-04-07T00:00:00Z) - begin 
{2012/04/14 15:55:08} [Info] PagSeguroTransactionSearchService.SearchByDate(initialDate=2012-03-31T00:00:00Z, finalDate=2012-04-07T00:00:00Z) - end PagSeguroTransactionSearchResult(Date=2012-04-14T10:55:10.000-03:00, CurrentPage=1, TotalPages=1, Transactions in this page=1) 
{2012/04/14 15:55:16} [Info] PagSeguroTransactionSearchService.SearchByDate(initialDate=2012-03-08T00:00:00Z, finalDate=2012-04-07T00:00:00Z) - begin 
{2012/04/14 15:55:17} [Info] PagSeguroTransactionSearchService.SearchByDate(initialDate=2012-03-08T00:00:00Z, finalDate=2012-04-07T00:00:00Z) - end PagSeguroTransactionSearchResult(Date=2012-04-14T10:55:18.000-03:00, CurrentPage=1, TotalPages=1, Transactions in this page=2) 
{2012/04/17 01:35:22} [Info] PagSeguroTransactionSearchService.SearchByDate(initialDate=2012-03-31T00:00:00Z, finalDate=2012-04-07T00:00:00Z) - begin 
{2012/04/17 01:35:24} [Info] PagSeguroTransactionSearchService.SearchByDate(initialDate=2012-03-31T00:00:00Z, finalDate=2012-04-07T00:00:00Z) - end PagSeguroTransactionSearchResult(Date=2012-04-16T20:35:24.000-03:00, CurrentPage=1, TotalPages=1, Transactions in this page=1) 
{2012/04/17 01:35:27} [Info] PagSeguroTransactionSearchService.SearchByDate(initialDate=2012-03-08T00:00:00Z, finalDate=2012-04-07T00:00:00Z) - begin 
{2012/04/17 01:35:31} [Info] PagSeguroTransactionSearchService.SearchByDate(initialDate=2012-03-08T00:00:00Z, finalDate=2012-04-07T00:00:00Z) - end PagSeguroTransactionSearchResult(Date=2012-04-16T20:35:31.000-03:00, CurrentPage=1, TotalPages=1, Transactions in this page=2) 
{2012/04/17 01:35:34} [Info] PagSeguroTransactionSearchService.SearchByDate(initialDate=2012-02-07T00:00:00Z, finalDate=2012-04-07T00:00:00Z) - begin 
{2012/04/17 01:35:34} [Error] PagSeguroTransactionSearchService.SearchByDate(initialDate=2012-02-07T00:00:00Z, finalDate=2012-04-07T00:00:00Z) - end [HTTP 400] - BAD_REQUEST [11048] - search interval must be lower than or equal 30 days. 
{2012/04/17 01:35:41} [Info] PagSeguroTransactionSearchService.SearchByDate(initialDate=2011-12-10T00:00:00Z, finalDate=2012-04-07T00:00:00Z) - begin 
{2012/04/17 01:35:41} [Error] PagSeguroTransactionSearchService.SearchByDate(initialDate=2011-12-10T00:00:00Z, finalDate=2012-04-07T00:00:00Z) - end [HTTP 400] - BAD_REQUEST [11048] - search interval must be lower than or equal 30 days. 
{2012/04/17 01:35:45} [Info] PagSeguroTransactionSearchService.SearchByDate(initialDate=2012-03-08T00:00:00Z, finalDate=2012-04-07T00:00:00Z) - begin 
{2012/04/17 01:35:47} [Info] PagSeguroTransactionSearchService.SearchByDate(initialDate=2012-03-08T00:00:00Z, finalDate=2012-04-07T00:00:00Z) - end PagSeguroTransactionSearchResult(Date=2012-04-16T20:35:47.000-03:00, CurrentPage=1, TotalPages=1, Transactions in this page=2) 
{2012/04/17 01:37:13} [Info] PagSeguroTransactionSearchService.SearchByDate(initialDate=2012-03-08T00:00:00Z, finalDate=2012-04-07T00:00:00Z) - begin 
{2012/04/17 01:37:15} [Info] PagSeguroTransactionSearchService.SearchByDate(initialDate=2012-03-08T00:00:00Z, finalDate=2012-04-07T00:00:00Z) - end PagSeguroTransactionSearchResult(Date=2012-04-16T20:37:15.000-03:00, CurrentPage=1, TotalPages=1, Transactions in this page=2) 
{2012/04/18 03:13:48} [Info] PagSeguroTransactionSearchService.SearchByDate(initialDate=2012-03-08T00:00:00Z, finalDate=2012-04-07T00:00:00Z) - begin 
{2012/04/18 03:13:49} [Info] PagSeguroTransactionSearchService.SearchByDate(initialDate=2012-03-08T00:00:00Z, finalDate=2012-04-07T00:00:00Z) - end PagSeguroTransactionSearchResult(Date=2012-04-17T22:13:49.000-03:00, CurrentPage=1, TotalPages=1, Transactions in this page=2) 
{2012/04/18 03:15:06} [Info] PagSeguroTransactionSearchService.SearchByDate(initialDate=2012-02-07T00:00:00Z, finalDate=2012-04-07T00:00:00Z) - begin 
{2012/04/18 03:15:06} [Error] PagSeguroTransactionSearchService.SearchByDate(initialDate=2012-02-07T00:00:00Z, finalDate=2012-04-07T00:00:00Z) - end [HTTP 400] - BAD_REQUEST [11048] - search interval must be lower than or equal 30 days. 
{2012/04/19 02:51:01} [Info] PagSeguroTransactionSearchService.SearchByDate(initialDate=2011-12-10T00:00:00Z, finalDate=2012-04-07T00:00:00Z) - begin 
{2012/04/19 02:51:02} [Error] PagSeguroTransactionSearchService.SearchByDate(initialDate=2011-12-10T00:00:00Z, finalDate=2012-04-07T00:00:00Z) - end [HTTP 400] - BAD_REQUEST [11048] - search interval must be lower than or equal 30 days. 
{2012/04/19 02:51:07} [Info] PagSeguroTransactionSearchService.SearchByDate(initialDate=2012-03-08T00:00:00Z, finalDate=2012-04-07T00:00:00Z) - begin 
{2012/04/19 02:51:07} [Info] PagSeguroTransactionSearchService.SearchByDate(initialDate=2012-03-08T00:00:00Z, finalDate=2012-04-07T00:00:00Z) - end PagSeguroTransactionSearchResult(Date=2012-04-18T21:51:08.000-03:00, CurrentPage=1, TotalPages=1, Transactions in this page=2) 
{2012/04/19 02:51:07} [Info] PagSeguroTransactionSearchService.SearchByDate(initialDate=2012-03-08T00:00:00Z, finalDate=2012-04-07T00:00:00Z) - end PagSeguroTransactionSearchResult(Date=2012-04-18T21:51:08.000-03:00, CurrentPage=1, TotalPages=1, Transactions in this page=2) 
{2012/04/19 03:27:15} [Info] PagSeguroTransactionSearchService.SearchByDate(initialDate=2012-03-08T00:00:00Z, finalDate=2012-04-07T00:00:00Z) - begin 
{2012/04/19 03:27:16} [Info] PagSeguroTransactionSearchService.SearchByDate(initialDate=2012-03-08T00:00:00Z, finalDate=2012-04-07T00:00:00Z) - end PagSeguroTransactionSearchResult(Date=2012-04-18T22:27:16.000-03:00, CurrentPage=1, TotalPages=1, Transactions in this page=2) 
{2012/04/19 03:39:04} [Info] PagSeguroTransactionSearchService.SearchByDate(initialDate=2012-03-08T00:00:01Z, finalDate=2012-04-07T23:59:59Z) - begin 
{2012/04/19 03:39:05} [Info] PagSeguroTransactionSearchService.SearchByDate(initialDate=2012-03-08T00:00:01Z, finalDate=2012-04-07T23:59:59Z) - end PagSeguroTransactionSearchResult(Date=2012-04-18T22:39:05.000-03:00, CurrentPage=1, TotalPages=1, Transactions in this page=2) 
{2012/04/19 03:39:19} [Info] PagSeguroTransactionSearchService.SearchByDate(initialDate=2012-03-31T00:00:01Z, finalDate=2012-04-07T23:59:59Z) - begin 
{2012/04/19 03:39:21} [Info] PagSeguroTransactionSearchService.SearchByDate(initialDate=2012-03-31T00:00:01Z, finalDate=2012-04-07T23:59:59Z) - end PagSeguroTransactionSearchResult(Date=2012-04-18T22:39:21.000-03:00, CurrentPage=1, TotalPages=1, Transactions in this page=1) 
{2012/04/19 03:39:26} [Info] PagSeguroTransactionSearchService.SearchByDate(initialDate=2012-02-07T00:00:01Z, finalDate=2012-04-07T23:59:59Z) - begin 
{2012/04/19 03:39:27} [Error] PagSeguroTransactionSearchService.SearchByDate(initialDate=2012-02-07T00:00:01Z, finalDate=2012-04-07T23:59:59Z) - end [HTTP 400] - BAD_REQUEST [11048] - search interval must be lower than or equal 30 days. 
{2012/04/19 03:39:33} [Info] PagSeguroTransactionSearchService.SearchByDate(initialDate=2012-03-08T00:00:01Z, finalDate=2012-04-07T23:59:59Z) - begin 
{2012/04/19 03:39:34} [Info] PagSeguroTransactionSearchService.SearchByDate(initialDate=2012-03-08T00:00:01Z, finalDate=2012-04-07T23:59:59Z) - end PagSeguroTransactionSearchResult(Date=2012-04-18T22:39:35.000-03:00, CurrentPage=1, TotalPages=1, Transactions in this page=2) 
{2012/04/25 02:27:20} [Info] PagSeguroTransactionSearchService.SearchByDate(initialDate=2012-03-08T00:00:01Z, finalDate=2012-04-07T23:59:59Z) - begin 
{2012/04/25 02:27:21} [Info] PagSeguroTransactionSearchService.SearchByDate(initialDate=2012-03-08T00:00:01Z, finalDate=2012-04-07T23:59:59Z) - end PagSeguroTransactionSearchResult(Date=2012-04-24T21:27:21.000-03:00, CurrentPage=1, TotalPages=1, Transactions in this page=2) 
{2012/04/25 02:27:26} [Info] PagSeguroTransactionSearchService.SearchByDate(initialDate=2012-02-07T00:00:01Z, finalDate=2012-04-07T23:59:59Z) - begin 
{2012/04/25 02:27:26} [Error] PagSeguroTransactionSearchService.SearchByDate(initialDate=2012-02-07T00:00:01Z, finalDate=2012-04-07T23:59:59Z) - end [HTTP 400] - BAD_REQUEST [11048] - search interval must be lower than or equal 30 days. 
{2012/04/25 02:27:30} [Info] PagSeguroTransactionSearchService.SearchByDate(initialDate=2012-03-08T00:00:01Z, finalDate=2012-04-07T23:59:59Z) - begin 
{2012/04/25 02:27:32} [Info] PagSeguroTransactionSearchService.SearchByDate(initialDate=2012-03-08T00:00:01Z, finalDate=2012-04-07T23:59:59Z) - end PagSeguroTransactionSearchResult(Date=2012-04-24T21:27:32.000-03:00, CurrentPage=1, TotalPages=1, Transactions in this page=2) 
{2012/04/25 02:34:31} [Info] PagSeguroTransactionSearchService.SearchByDate(initialDate=2012-02-25T00:00:01Z, finalDate=2012-04-25T23:59:59Z) - begin 
{2012/04/25 02:34:31} [Error] PagSeguroTransactionSearchService.SearchByDate(initialDate=2012-02-25T00:00:01Z, finalDate=2012-04-25T23:59:59Z) - end [HTTP 400] - BAD_REQUEST [11048] - search interval must be lower than or equal 30 days.[13009] - finalDate must be lower than allowed limit. 
{2012/04/25 02:34:54} [Info] PagSeguroTransactionSearchService.SearchByDate(initialDate=2012-03-26T00:00:01Z, finalDate=2012-04-25T23:59:59Z) - begin 
{2012/04/25 02:34:54} [Error] PagSeguroTransactionSearchService.SearchByDate(initialDate=2012-03-26T00:00:01Z, finalDate=2012-04-25T23:59:59Z) - end [HTTP 400] - BAD_REQUEST [13009] - finalDate must be lower than allowed limit. 
{2012/04/25 02:35:11} [Info] PagSeguroTransactionSearchService.SearchByDate(initialDate=2012-03-26T00:00:01Z, finalDate=2012-04-25T23:59:59Z) - begin 
{2012/04/25 02:35:11} [Error] PagSeguroTransactionSearchService.SearchByDate(initialDate=2012-03-26T00:00:01Z, finalDate=2012-04-25T23:59:59Z) - end [HTTP 400] - BAD_REQUEST [13009] - finalDate must be lower than allowed limit. 
{2012/04/25 02:35:21} [Info] PagSeguroTransactionSearchService.SearchByDate(initialDate=2012-02-25T00:00:01Z, finalDate=2012-04-25T23:59:59Z) - begin 
{2012/04/25 02:35:21} [Error] PagSeguroTransactionSearchService.SearchByDate(initialDate=2012-02-25T00:00:01Z, finalDate=2012-04-25T23:59:59Z) - end [HTTP 400] - BAD_REQUEST [11048] - search interval must be lower than or equal 30 days.[13009] - finalDate must be lower than allowed limit. 
{2012/04/25 02:35:34} [Info] PagSeguroTransactionSearchService.SearchByDate(initialDate=2011-12-28T00:00:01Z, finalDate=2012-04-25T23:59:59Z) - begin 
{2012/04/25 02:35:34} [Error] PagSeguroTransactionSearchService.SearchByDate(initialDate=2011-12-28T00:00:01Z, finalDate=2012-04-25T23:59:59Z) - end [HTTP 400] - BAD_REQUEST [13009] - finalDate must be lower than allowed limit.[11048] - search interval must be lower than or equal 30 days. 
{2012/04/25 02:37:18} [Info] PagSeguroTransactionSearchService.SearchByDate(initialDate=2012-03-26T00:00:01Z, finalDate=2012-04-25T23:59:59Z) - begin 
{2012/04/25 02:37:19} [Error] PagSeguroTransactionSearchService.SearchByDate(initialDate=2012-03-26T00:00:01Z, finalDate=2012-04-25T23:59:59Z) - end [HTTP 400] - BAD_REQUEST [13009] - finalDate must be lower than allowed limit. 
{2012/04/25 02:37:27} [Info] PagSeguroTransactionSearchService.SearchByDate(initialDate=2012-03-26T00:00:01Z, finalDate=2012-04-25T23:59:59Z) - begin 
{2012/04/25 02:37:27} [Error] PagSeguroTransactionSearchService.SearchByDate(initialDate=2012-03-26T00:00:01Z, finalDate=2012-04-25T23:59:59Z) - end [HTTP 400] - BAD_REQUEST [13009] - finalDate must be lower than allowed limit. 
{2012/04/25 02:37:47} [Info] PagSeguroTransactionSearchService.SearchByDate(initialDate=2011-12-28T00:00:01Z, finalDate=2012-04-25T23:59:59Z) - begin 
{2012/04/25 02:37:47} [Error] PagSeguroTransactionSearchService.SearchByDate(initialDate=2011-12-28T00:00:01Z, finalDate=2012-04-25T23:59:59Z) - end [HTTP 400] - BAD_REQUEST [13009] - finalDate must be lower than allowed limit.[11048] - search interval must be lower than or equal 30 days. 
{2012/04/25 02:39:17} [Info] PagSeguroTransactionSearchService.SearchByDate(initialDate=2012-02-25T00:00:01Z, finalDate=2012-04-25T23:59:59Z) - begin 
{2012/04/25 02:39:17} [Error] PagSeguroTransactionSearchService.SearchByDate(initialDate=2012-02-25T00:00:01Z, finalDate=2012-04-25T23:59:59Z) - end [HTTP 400] - BAD_REQUEST [11048] - search interval must be lower than or equal 30 days.[13009] - finalDate must be lower than allowed limit. 
{2012/04/25 02:41:29} [Info] PagSeguroTransactionSearchService.SearchByDate(initialDate=2012-02-25T00:00:01Z, finalDate=2012-04-25T23:59:59Z) - begin 
{2012/04/25 02:41:29} [Error] PagSeguroTransactionSearchService.SearchByDate(initialDate=2012-02-25T00:00:01Z, finalDate=2012-04-25T23:59:59Z) - end [HTTP 400] - BAD_REQUEST [11048] - search interval must be lower than or equal 30 days.[13009] - finalDate must be lower than allowed limit. 
{2012/04/25 02:42:41} [Info] PagSeguroTransactionSearchService.SearchByDate(initialDate=2012-02-25T00:00:01Z, finalDate=2012-04-25T23:59:59Z) - begin 
{2012/04/25 02:42:42} [Error] PagSeguroTransactionSearchService.SearchByDate(initialDate=2012-02-25T00:00:01Z, finalDate=2012-04-25T23:59:59Z) - end [HTTP 400] - BAD_REQUEST [13009] - finalDate must be lower than allowed limit.[11048] - search interval must be lower than or equal 30 days. 
{2012/04/25 02:43:07} [Info] PagSeguroTransactionSearchService.SearchByDate(initialDate=2012-02-25T00:00:01Z, finalDate=2012-04-25T23:59:59Z) - begin 
{2012/04/25 02:43:09} [Error] PagSeguroTransactionSearchService.SearchByDate(initialDate=2012-02-25T00:00:01Z, finalDate=2012-04-25T23:59:59Z) - end [HTTP 400] - BAD_REQUEST [11048] - search interval must be lower than or equal 30 days.[13009] - finalDate must be lower than allowed limit. 
{2012/04/25 02:43:24} [Info] PagSeguroTransactionSearchService.SearchByDate(initialDate=2012-03-26T00:00:01Z, finalDate=2012-04-25T23:59:59Z) - begin 
{2012/04/25 02:43:25} [Error] PagSeguroTransactionSearchService.SearchByDate(initialDate=2012-03-26T00:00:01Z, finalDate=2012-04-25T23:59:59Z) - end [HTTP 400] - BAD_REQUEST [13009] - finalDate must be lower than allowed limit. 
{2012/04/25 02:48:37} [Info] PagSeguroTransactionSearchService.SearchByDate(initialDate=2012-03-26T00:00:01Z, finalDate=2012-04-25T23:59:59Z) - begin 
{2012/04/25 02:48:37} [Error] PagSeguroTransactionSearchService.SearchByDate(initialDate=2012-03-26T00:00:01Z, finalDate=2012-04-25T23:59:59Z) - end [HTTP 400] - BAD_REQUEST [13009] - finalDate must be lower than allowed limit. 
{2012/04/25 02:49:53} [Info] PagSeguroTransactionSearchService.SearchByDate(initialDate=2012-02-25T00:00:01Z, finalDate=2012-04-25T23:59:59Z) - begin 
{2012/04/25 02:49:54} [Error] PagSeguroTransactionSearchService.SearchByDate(initialDate=2012-02-25T00:00:01Z, finalDate=2012-04-25T23:59:59Z) - end [HTTP 400] - BAD_REQUEST [13009] - finalDate must be lower than allowed limit.[11048] - search interval must be lower than or equal 30 days. 
{2012/04/25 02:53:21} [Info] PagSeguroTransactionSearchService.SearchByDate(initialDate=2012-02-07T00:00:01Z, finalDate=2012-04-07T23:59:59Z) - begin 
{2012/04/25 02:53:22} [Error] PagSeguroTransactionSearchService.SearchByDate(initialDate=2012-02-07T00:00:01Z, finalDate=2012-04-07T23:59:59Z) - end [HTTP 400] - BAD_REQUEST [11048] - search interval must be lower than or equal 30 days. 
{2012/04/25 02:53:26} [Info] PagSeguroTransactionSearchService.SearchByDate(initialDate=2012-02-07T00:00:01Z, finalDate=2012-04-07T23:59:59Z) - begin 
{2012/04/25 02:53:27} [Error] PagSeguroTransactionSearchService.SearchByDate(initialDate=2012-02-07T00:00:01Z, finalDate=2012-04-07T23:59:59Z) - end [HTTP 400] - BAD_REQUEST [11048] - search interval must be lower than or equal 30 days. 
{2012/04/25 02:53:36} [Info] PagSeguroTransactionSearchService.SearchByDate(initialDate=2012-03-08T00:00:01Z, finalDate=2012-04-07T23:59:59Z) - begin 
{2012/04/25 02:53:39} [Info] PagSeguroTransactionSearchService.SearchByDate(initialDate=2012-03-08T00:00:01Z, finalDate=2012-04-07T23:59:59Z) - end PagSeguroTransactionSearchResult(Date=2012-04-24T21:53:40.000-03:00, CurrentPage=1, TotalPages=1, Transactions in this page=2) 
{2012/04/25 02:54:24} [Info] PagSeguroTransactionSearchService.SearchByDate(initialDate=2012-03-26T00:00:01Z, finalDate=2012-04-25T23:59:59Z) - begin 
{2012/04/25 02:54:24} [Error] PagSeguroTransactionSearchService.SearchByDate(initialDate=2012-03-26T00:00:01Z, finalDate=2012-04-25T23:59:59Z) - end [HTTP 400] - BAD_REQUEST [13009] - finalDate must be lower than allowed limit. 
{2012/04/25 02:56:23} [Info] PagSeguroTransactionSearchService.SearchByDate(initialDate=2012-02-25T00:00:01Z, finalDate=2012-04-25T23:59:59Z) - begin 
{2012/04/25 02:56:23} [Error] PagSeguroTransactionSearchService.SearchByDate(initialDate=2012-02-25T00:00:01Z, finalDate=2012-04-25T23:59:59Z) - end [HTTP 400] - BAD_REQUEST [13009] - finalDate must be lower than allowed limit.[11048] - search interval must be lower than or equal 30 days. 
{2012/04/25 02:57:54} [Info] PagSeguroTransactionSearchService.SearchByDate(initialDate=2012-03-26T00:00:01Z, finalDate=2012-04-25T23:59:59Z) - begin 
{2012/04/25 02:57:55} [Error] PagSeguroTransactionSearchService.SearchByDate(initialDate=2012-03-26T00:00:01Z, finalDate=2012-04-25T23:59:59Z) - end [HTTP 400] - BAD_REQUEST [13009] - finalDate must be lower than allowed limit. 
{2012/04/25 02:58:24} [Info] PagSeguroTransactionSearchService.SearchByDate(initialDate=2012-04-18T00:00:01Z, finalDate=2012-04-25T23:59:59Z) - begin 
{2012/04/25 02:58:25} [Error] PagSeguroTransactionSearchService.SearchByDate(initialDate=2012-04-18T00:00:01Z, finalDate=2012-04-25T23:59:59Z) - end [HTTP 400] - BAD_REQUEST [13009] - finalDate must be lower than allowed limit. 
{2012/04/25 02:58:55} [Info] PagSeguroTransactionSearchService.SearchByDate(initialDate=2012-02-26T00:00:01Z, finalDate=2012-04-25T23:59:59Z) - begin 
{2012/04/25 02:58:56} [Error] PagSeguroTransactionSearchService.SearchByDate(initialDate=2012-02-26T00:00:01Z, finalDate=2012-04-25T23:59:59Z) - end [HTTP 400] - BAD_REQUEST [13009] - finalDate must be lower than allowed limit.[11048] - search interval must be lower than or equal 30 days. 
{2012/04/25 03:00:35} [Info] PagSeguroTransactionSearchService.SearchByDate(initialDate=2011-12-28T00:00:01Z, finalDate=) - begin 
{2012/04/25 03:00:35} [Info] PagSeguroTransactionSearchService.SearchByDate(initialDate=2011-12-28T00:00:01Z, finalDate=) - end PagSeguroTransactionSearchResult(Date=2012-04-24T22:00:35.000-03:00, CurrentPage=1, TotalPages=1, Transactions in this page=0) 
{2012/04/25 03:01:04} [Info] PagSeguroTransactionSearchService.SearchByDate(initialDate=2012-02-25T00:00:01Z, finalDate=) - begin 
{2012/04/25 03:01:05} [Info] PagSeguroTransactionSearchService.SearchByDate(initialDate=2012-02-25T00:00:01Z, finalDate=) - end PagSeguroTransactionSearchResult(Date=2012-04-24T22:01:05.000-03:00, CurrentPage=1, TotalPages=1, Transactions in this page=1) 
{2012/04/25 03:01:20} [Info] PagSeguroTransactionSearchService.SearchByDate(initialDate=2012-02-25T00:00:01Z, finalDate=) - begin 
{2012/04/25 03:01:21} [Info] PagSeguroTransactionSearchService.SearchByDate(initialDate=2012-02-25T00:00:01Z, finalDate=) - end PagSeguroTransactionSearchResult(Date=2012-04-24T22:01:21.000-03:00, CurrentPage=1, TotalPages=1, Transactions in this page=1) 
{2012/04/25 03:01:49} [Info] PagSeguroTransactionSearchService.SearchByDate(initialDate=2012-02-15T00:00:01Z, finalDate=) - begin 
{2012/04/25 03:01:50} [Info] PagSeguroTransactionSearchService.SearchByDate(initialDate=2012-02-15T00:00:01Z, finalDate=) - end PagSeguroTransactionSearchResult(Date=2012-04-24T22:01:50.000-03:00, CurrentPage=1, TotalPages=1, Transactions in this page=0) 
{2012/04/25 03:02:02} [Info] PagSeguroTransactionSearchService.SearchByDate(initialDate=2011-12-28T00:00:01Z, finalDate=) - begin 
{2012/04/25 03:02:02} [Info] PagSeguroTransactionSearchService.SearchByDate(initialDate=2011-12-28T00:00:01Z, finalDate=) - end PagSeguroTransactionSearchResult(Date=2012-04-24T22:02:02.000-03:00, CurrentPage=1, TotalPages=1, Transactions in this page=0) 
{2012/04/25 03:04:39} [Info] PagSeguroTransactionSearchService.SearchByDate(initialDate=2012-02-25T00:00:01Z, finalDate=2012-04-25T23:59:59Z) - begin 
{2012/04/25 03:04:40} [Error] PagSeguroTransactionSearchService.SearchByDate(initialDate=2012-02-25T00:00:01Z, finalDate=2012-04-25T23:59:59Z) - end [HTTP 400] - BAD_REQUEST [11048] - search interval must be lower than or equal 30 days.[13009] - finalDate must be lower than allowed limit. 
{2012/04/26 01:08:28} [Info] PagSeguroTransactionSearchService.SearchByDate(initialDate=2012-02-26T00:00:01Z, finalDate=2012-04-25T23:59:59Z) - begin 
{2012/04/26 01:08:29} [Error] PagSeguroTransactionSearchService.SearchByDate(initialDate=2012-02-26T00:00:01Z, finalDate=2012-04-25T23:59:59Z) - end [HTTP 400] - BAD_REQUEST [11048] - search interval must be lower than or equal 30 days.[13009] - finalDate must be lower than allowed limit. 
{2012/04/26 01:09:21} [Info] PagSeguroTransactionSearchService.SearchByDate(initialDate=2012-03-27T00:00:01Z, finalDate=2012-04-25T23:59:59Z) - begin 
{2012/04/26 01:09:22} [Error] PagSeguroTransactionSearchService.SearchByDate(initialDate=2012-03-27T00:00:01Z, finalDate=2012-04-25T23:59:59Z) - end [HTTP 400] - BAD_REQUEST [13009] - finalDate must be lower than allowed limit. 
{2012/04/26 01:10:03} [Info] PagSeguroTransactionSearchService.SearchByDate(initialDate=2012-04-01T00:00:01Z, finalDate=2012-04-25T23:59:59Z) - begin 
{2012/04/26 01:10:04} [Error] PagSeguroTransactionSearchService.SearchByDate(initialDate=2012-04-01T00:00:01Z, finalDate=2012-04-25T23:59:59Z) - end [HTTP 400] - BAD_REQUEST [13009] - finalDate must be lower than allowed limit. 
{2012/04/26 01:10:19} [Info] PagSeguroTransactionSearchService.SearchByDate(initialDate=2012-04-01T00:00:01Z, finalDate=2012-04-23T23:59:59Z) - begin 
{2012/04/26 01:10:20} [Info] PagSeguroTransactionSearchService.SearchByDate(initialDate=2012-04-01T00:00:01Z, finalDate=2012-04-23T23:59:59Z) - end PagSeguroTransactionSearchResult(Date=2012-04-25T20:10:19.000-03:00, CurrentPage=1, TotalPages=1, Transactions in this page=3) 
{2012/04/26 01:20:29} [Info] PagSeguroTransactionSearchService.SearchByDate(initialDate=2012-04-01T00:00:01Z, finalDate=2012-04-23T23:59:59Z) - begin 
{2012/04/26 01:20:30} [Info] PagSeguroTransactionSearchService.SearchByDate(initialDate=2012-04-01T00:00:01Z, finalDate=2012-04-23T23:59:59Z) - end PagSeguroTransactionSearchResult(Date=2012-04-25T20:20:30.000-03:00, CurrentPage=1, TotalPages=1, Transactions in this page=3) 
{2012/04/26 01:32:00} [Info] PagSeguroTransactionSearchService.SearchByDate(initialDate=2012-04-19T00:00:01Z, finalDate=2012-04-25T23:59:59Z) - begin 
{2012/04/26 01:32:04} [Error] PagSeguroTransactionSearchService.SearchByDate(initialDate=2012-04-19T00:00:01Z, finalDate=2012-04-25T23:59:59Z) - end [HTTP 400] - BAD_REQUEST [13009] - finalDate must be lower than allowed limit. 
{2012/04/26 01:33:33} [Info] PagSeguroTransactionSearchService.SearchByDate(initialDate=2012-04-19T00:00:01Z, finalDate=2012-04-26T23:59:59Z) - begin 
{2012/04/26 01:33:34} [Error] PagSeguroTransactionSearchService.SearchByDate(initialDate=2012-04-19T00:00:01Z, finalDate=2012-04-26T23:59:59Z) - end [HTTP 400] - BAD_REQUEST [13009] - finalDate must be lower than allowed limit. 
{2012/04/25 20:06:06} [Info] PagSeguroTransactionSearchService.SearchByDate(initialDate=2012-03-26T00:00:01Z, finalDate=2012-04-2520:06:06) - begin 
{2012/04/25 20:06:07} [Error] PagSeguroTransactionSearchService.SearchByDate(initialDate=2012-03-26T00:00:01Z, finalDate=2012-04-2520:06:06) - end [HTTP 400] - BAD_REQUEST [13011] - finalDate invalid format, use 'yyyy-MM-ddTHH:mm' (eg. 2010-01-27T17:25). 
{2012/04/25 20:08:43} [Info] PagSeguroTransactionSearchService.SearchByDate(initialDate=2012-03-26T00:00:01Z, finalDate=2012-04-25T20:08:43Z) - begin 
{2012/04/25 20:08:44} [Info] PagSeguroTransactionSearchService.SearchByDate(initialDate=2012-03-26T00:00:01Z, finalDate=2012-04-25T20:08:43Z) - end PagSeguroTransactionSearchResult(Date=2012-04-25T21:08:44.000-03:00, CurrentPage=1, TotalPages=1, Transactions in this page=3) 
{2012/04/25 20:08:50} [Info] PagSeguroTransactionSearchService.SearchByDate(initialDate=2011-12-28T00:00:01Z, finalDate=2012-04-25T20:08:50Z) - begin 
{2012/04/25 20:08:51} [Error] PagSeguroTransactionSearchService.SearchByDate(initialDate=2011-12-28T00:00:01Z, finalDate=2012-04-25T20:08:50Z) - end [HTTP 400] - BAD_REQUEST [11048] - search interval must be lower than or equal 30 days. 
{2012/04/25 20:11:08} [Info] PagSeguroTransactionSearchService.SearchByDate(initialDate=2011-12-28T00:00:01Z, finalDate=2012-04-25T20:11:08Z) - begin 
{2012/04/25 20:11:08} [Error] PagSeguroTransactionSearchService.SearchByDate(initialDate=2011-12-28T00:00:01Z, finalDate=2012-04-25T20:11:08Z) - end [HTTP 400] - BAD_REQUEST [11048] - search interval must be lower than or equal 30 days. 
{2012/04/25 20:12:13} [Info] PagSeguroTransactionSearchService.SearchByDate(initialDate=2012-04-18T00:00:01Z, finalDate=2012-04-25T20:12:13Z) - begin 
{2012/04/25 20:12:14} [Info] PagSeguroTransactionSearchService.SearchByDate(initialDate=2012-04-18T00:00:01Z, finalDate=2012-04-25T20:12:13Z) - end PagSeguroTransactionSearchResult(Date=2012-04-25T21:12:14.000-03:00, CurrentPage=1, TotalPages=1, Transactions in this page=2) 
{2012/04/25 20:12:25} [Info] PagSeguroTransactionSearchService.SearchByDate(initialDate=2012-04-22T00:00:01Z, finalDate=2012-04-25T20:12:25Z) - begin 
{2012/04/25 20:12:25} [Info] PagSeguroTransactionSearchService.SearchByDate(initialDate=2012-04-22T00:00:01Z, finalDate=2012-04-25T20:12:25Z) - end PagSeguroTransactionSearchResult(Date=2012-04-25T21:12:25.000-03:00, CurrentPage=1, TotalPages=1, Transactions in this page=0) 
{2012/04/25 20:12:30} [Info] PagSeguroTransactionSearchService.SearchByDate(initialDate=2012-04-18T00:00:01Z, finalDate=2012-04-25T20:12:30Z) - begin 
{2012/04/25 20:12:30} [Info] PagSeguroTransactionSearchService.SearchByDate(initialDate=2012-04-18T00:00:01Z, finalDate=2012-04-25T20:12:30Z) - end PagSeguroTransactionSearchResult(Date=2012-04-25T21:12:30.000-03:00, CurrentPage=1, TotalPages=1, Transactions in this page=2) 
{2012/04/25 20:12:37} [Info] PagSeguroTransactionSearchService.SearchByDate(initialDate=2012-03-26T00:00:01Z, finalDate=2012-04-25T20:12:37Z) - begin 
{2012/04/25 20:12:39} [Info] PagSeguroTransactionSearchService.SearchByDate(initialDate=2012-03-26T00:00:01Z, finalDate=2012-04-25T20:12:37Z) - end PagSeguroTransactionSearchResult(Date=2012-04-25T21:12:39.000-03:00, CurrentPage=1, TotalPages=1, Transactions in this page=3) 
{2012/04/25 20:12:42} [Info] PagSeguroTransactionSearchService.SearchByDate(initialDate=2012-02-25T00:00:01Z, finalDate=2012-04-25T20:12:42Z) - begin 
{2012/04/25 20:12:43} [Error] PagSeguroTransactionSearchService.SearchByDate(initialDate=2012-02-25T00:00:01Z, finalDate=2012-04-25T20:12:42Z) - end [HTTP 400] - BAD_REQUEST [11048] - search interval must be lower than or equal 30 days. 
{2012/04/25 20:12:48} [Info] PagSeguroTransactionSearchService.SearchByDate(initialDate=2011-12-28T00:00:01Z, finalDate=2012-04-25T20:12:48Z) - begin 
{2012/04/25 20:12:52} [Error] PagSeguroTransactionSearchService.SearchByDate(initialDate=2011-12-28T00:00:01Z, finalDate=2012-04-25T20:12:48Z) - end [HTTP 400] - BAD_REQUEST [11048] - search interval must be lower than or equal 30 days. 
{2012/04/25 20:16:07} [Info] PagSeguroTransactionSearchService.SearchByDate(initialDate=2012-03-26T00:00:01Z, finalDate=2012-04-25T20:16:07Z) - begin 
{2012/04/25 20:16:07} [Info] PagSeguroTransactionSearchService.SearchByDate(initialDate=2012-03-26T00:00:01Z, finalDate=2012-04-25T20:16:07Z) - end PagSeguroTransactionSearchResult(Date=2012-04-25T21:16:07.000-03:00, CurrentPage=1, TotalPages=1, Transactions in this page=3) 
